Arguments: 
  C:\Program Files (x86)\nodejs\node.exe C:\Users\Marcelo\AppData\Roaming\npm\node_modules\yarn\bin\yarn.js init

PATH: 
  C:\Users\Marcelo\bin;C:\Users\Marcelo\AppData\Local\Programs\Git\mingw64\bin;C:\Users\Marcelo\AppData\Local\Programs\Git\usr\local\bin;C:\Users\Marcelo\AppData\Local\Programs\Git\usr\bin;C:\Users\Marcelo\AppData\Local\Programs\Git\usr\bin;C:\Users\Marcelo\AppData\Local\Programs\Git\mingw64\bin;C:\Users\Marcelo\AppData\Local\Programs\Git\usr\bin;C:\Users\Marcelo\bin;C:\Program Files (x86)\Common Files\Intel\Shared Files\cpp\bin\Intel64;C:\ProgramData\Oracle\Java\javapath;C:\Program Files (x86)\Intel\iCLS Client;C:\Program Files\Intel\iCLS Client;C:\Program Files (x86)\NVIDIA Corporation\PhysX\Common;C:\WINDOWS\system32;C:\WINDOWS;C:\WINDOWS\System32\Wbem;C:\WINDOWS\System32\WindowsPowerShell\v1.0;C:\Program Files\Intel\Intel(R) Management Engine Components\DAL;C:\Program Files\Intel\Intel(R) Management Engine Components\IPT;C:\Program Files (x86)\Intel\Intel(R) Management Engine Components\DAL;C:\Program Files (x86)\Intel\Intel(R) Management Engine Components\IPT;C:\Program Files (x86)\nodejs;C:\Program Files (x86)\QuickTime\QTSystem;C:\Program Files (x86)\Brackets\command;C:\Program Files (x86)\Skype\Phone;C:\Users\Marcelo\AppData\Roaming\npm;C:\Program Files (x86)\Java\jre7\bin;C:\Users\Marcelo\AppData\Local\Microsoft\WindowsApps;C:\Users\Marcelo\AppData\Local\Programs\Git\cmd;C:\Users\Marcelo\AppData\Local\Programs\Git\usr\bin\vendor_perl;C:\Users\Marcelo\AppData\Local\Programs\Git\usr\bin\core_perl

Yarn version: 
  0.24.5

Node version: 
  6.10.3

Platform: 
  win32 x64

npm manifest: 
  No manifest

yarn manifest: 
  No manifest

Lockfile: 
  No lockfile

Trace: 
  Error: Can't answer a question unless a user TTY
      at ConsoleReporter.question (C:\Users\Marcelo\AppData\Roaming\npm\node_modules\yarn\lib\reporters\console\console-reporter.js:216:29)
      at Object.<anonymous> (C:\Users\Marcelo\AppData\Roaming\npm\node_modules\yarn\lib\cli\commands\init.js:115:38)
      at next (native)
      at step (C:\Users\Marcelo\AppData\Roaming\npm\node_modules\yarn\node_modules\babel-runtime\helpers\asyncToGenerator.js:17:30)
      at C:\Users\Marcelo\AppData\Roaming\npm\node_modules\yarn\node_modules\babel-runtime\helpers\asyncToGenerator.js:28:13
      at process._tickCallback (internal/process/next_tick.js:109:7)
